<?xml version="1.0" encoding="UTF-8"?>
<coverage generated="1588944825765" clover="3.2.0">
  <project timestamp="1588944825765" name="All files">
    <metrics statements="16" coveredstatements="15" conditionals="10" coveredconditionals="10" methods="10" coveredmethods="10" elements="36" coveredelements="35" complexity="0" loc="16" ncloc="16" packages="4" files="4" classes="4"/>
    <package name="caesarCipher">
      <metrics statements="4" coveredstatements="4" conditionals="2" coveredconditionals="2" methods="5" coveredmethods="5"/>
      <file name="caesarCipher.js" path="C:\Users\anass\WebstormProjects\jest-101\caesarCipher\caesarCipher.js">
        <metrics statements="4" coveredstatements="4" conditionals="2" coveredconditionals="2" methods="5" coveredmethods="5"/>
        <line num="2" count="36" type="stmt"/>
        <line num="3" count="456" type="stmt"/>
        <line num="4" count="36" type="stmt"/>
        <line num="8" count="48" type="cond" truecount="2" falsecount="0"/>
      </file>
    </package>
    <package name="calculator">
      <metrics statements="3" coveredstatements="2" conditionals="8" coveredconditionals="8" methods="1" coveredmethods="1"/>
      <file name="calculator.js" path="C:\Users\anass\WebstormProjects\jest-101\calculator\calculator.js">
        <metrics statements="3" coveredstatements="2" conditionals="8" coveredconditionals="8" methods="1" coveredmethods="1"/>
        <line num="2" count="4" type="stmt"/>
        <line num="3" count="4" type="cond" truecount="2" falsecount="0"/>
        <line num="8" count="0" type="stmt"/>
      </file>
    </package>
    <package name="capitalize">
      <metrics statements="5" coveredstatements="5" conditionals="0" coveredconditionals="0" methods="2" coveredmethods="2"/>
      <file name="capitalize.js" path="C:\Users\anass\WebstormProjects\jest-101\capitalize\capitalize.js">
        <metrics statements="5" coveredstatements="5" conditionals="0" coveredconditionals="0" methods="2" coveredmethods="2"/>
        <line num="2" count="3" type="stmt"/>
        <line num="3" count="6" type="stmt"/>
        <line num="4" count="3" type="stmt"/>
        <line num="5" count="3" type="stmt"/>
        <line num="8" count="1" type="stmt"/>
      </file>
    </package>
    <package name="reverseString">
      <metrics statements="4" coveredstatements="4" conditionals="0" coveredconditionals="0" methods="2" coveredmethods="2"/>
      <file name="reverseString.js" path="C:\Users\anass\WebstormProjects\jest-101\reverseString\reverseString.js">
        <metrics statements="4" coveredstatements="4" conditionals="0" coveredconditionals="0" methods="2" coveredmethods="2"/>
        <line num="2" count="2" type="stmt"/>
        <line num="3" count="36" type="stmt"/>
        <line num="4" count="2" type="stmt"/>
        <line num="7" count="1" type="stmt"/>
      </file>
    </package>
  </project>
</coverage>
