{"C:\\Users\\anass\\WebstormProjects\\jest-101\\caesarCipher\\caesarCipher.js": {"path":"C:\\Users\\anass\\WebstormProjects\\jest-101\\caesarCipher\\caesarCipher.js","statementMap":{"0":{"start":{"line":2,"column":21},"end":{"line":2,"column":59}},"1":{"start":{"line":3,"column":18},"end":{"line":3,"column":53}},"2":{"start":{"line":3,"column":42},"end":{"line":3,"column":52}},"3":{"start":{"line":4,"column":4},"end":{"line":4,"column":43}},"4":{"start":{"line":8,"column":4},"end":{"line":8,"column":136}},"5":{"start":{"line":8,"column":40},"end":{"line":8,"column":58}},"6":{"start":{"line":8,"column":72},"end":{"line":8,"column":125}}},"fnMap":{"0":{"name":"shiftChar","decl":{"start":{"line":1,"column":9},"end":{"line":1,"column":18}},"loc":{"start":{"line":1,"column":32},"end":{"line":5,"column":1}},"line":1},"1":{"name":"(anonymous_1)","decl":{"start":{"line":3,"column":37},"end":{"line":3,"column":38}},"loc":{"start":{"line":3,"column":42},"end":{"line":3,"column":52}},"line":3},"2":{"name":"caesarCypher","decl":{"start":{"line":7,"column":16},"end":{"line":7,"column":28}},"loc":{"start":{"line":7,"column":44},"end":{"line":9,"column":1}},"line":7},"3":{"name":"(anonymous_3)","decl":{"start":{"line":8,"column":32},"end":{"line":8,"column":33}},"loc":{"start":{"line":8,"column":40},"end":{"line":8,"column":58}},"line":8},"4":{"name":"(anonymous_4)","decl":{"start":{"line":8,"column":64},"end":{"line":8,"column":65}},"loc":{"start":{"line":8,"column":72},"end":{"line":8,"column":125}},"line":8}},"branchMap":{"0":{"loc":{"start":{"line":8,"column":72},"end":{"line":8,"column":125}},"type":"cond-expr","locations":[{"start":{"line":8,"column":96},"end":{"line":8,"column":118}},{"start":{"line":8,"column":121},"end":{"line":8,"column":125}}],"line":8}},"s":{"0":36,"1":36,"2":456,"3":36,"4":2,"5":48,"6":48},"f":{"0":36,"1":456,"2":2,"3":48,"4":48},"b":{"0":[36,12]},"_coverageSchema":"1a1c01bbd47fc00a2c39e90264f33305004495a9","hash":"b0812ef37b0c2bd499a278c14e861c3f4c1e78b0"}
,"C:\\Users\\anass\\WebstormProjects\\jest-101\\calculator\\calculator.js": {"path":"C:\\Users\\anass\\WebstormProjects\\jest-101\\calculator\\calculator.js","statementMap":{"0":{"start":{"line":2,"column":4},"end":{"line":9,"column":5}},"1":{"start":{"line":3,"column":8},"end":{"line":6,"column":49}},"2":{"start":{"line":8,"column":8},"end":{"line":8,"column":22}}},"fnMap":{"0":{"name":"calculator","decl":{"start":{"line":1,"column":16},"end":{"line":1,"column":26}},"loc":{"start":{"line":1,"column":43},"end":{"line":10,"column":1}},"line":1}},"branchMap":{"0":{"loc":{"start":{"line":3,"column":16},"end":{"line":6,"column":47}},"type":"cond-expr","locations":[{"start":{"line":3,"column":37},"end":{"line":3,"column":42}},{"start":{"line":4,"column":12},"end":{"line":6,"column":47}}],"line":3},"1":{"loc":{"start":{"line":4,"column":12},"end":{"line":6,"column":47}},"type":"cond-expr","locations":[{"start":{"line":4,"column":33},"end":{"line":4,"column":38}},{"start":{"line":5,"column":16},"end":{"line":6,"column":47}}],"line":4},"2":{"loc":{"start":{"line":5,"column":16},"end":{"line":6,"column":47}},"type":"cond-expr","locations":[{"start":{"line":5,"column":37},"end":{"line":5,"column":42}},{"start":{"line":6,"column":20},"end":{"line":6,"column":47}}],"line":5},"3":{"loc":{"start":{"line":6,"column":20},"end":{"line":6,"column":47}},"type":"binary-expr","locations":[{"start":{"line":6,"column":21},"end":{"line":6,"column":37}},{"start":{"line":6,"column":42},"end":{"line":6,"column":47}}],"line":6}},"s":{"0":4,"1":4,"2":0},"f":{"0":4},"b":{"0":[1,3],"1":[1,2],"2":[1,1],"3":[1,1]},"_coverageSchema":"1a1c01bbd47fc00a2c39e90264f33305004495a9","hash":"ea13401a82be42bab3dd2b25a2bd7fe021d24f23"}
,"C:\\Users\\anass\\WebstormProjects\\jest-101\\capitalize\\capitalize.js": {"path":"C:\\Users\\anass\\WebstormProjects\\jest-101\\capitalize\\capitalize.js","statementMap":{"0":{"start":{"line":2,"column":26},"end":{"line":2,"column":42}},"1":{"start":{"line":3,"column":27},"end":{"line":3,"column":82}},"2":{"start":{"line":3,"column":59},"end":{"line":3,"column":81}},"3":{"start":{"line":4,"column":4},"end":{"line":4,"column":80}},"4":{"start":{"line":5,"column":4},"end":{"line":5,"column":34}},"5":{"start":{"line":8,"column":0},"end":{"line":8,"column":27}}},"fnMap":{"0":{"name":"capitalize","decl":{"start":{"line":1,"column":9},"end":{"line":1,"column":19}},"loc":{"start":{"line":1,"column":28},"end":{"line":6,"column":1}},"line":1},"1":{"name":"(anonymous_1)","decl":{"start":{"line":3,"column":51},"end":{"line":3,"column":52}},"loc":{"start":{"line":3,"column":59},"end":{"line":3,"column":81}},"line":3}},"branchMap":{},"s":{"0":3,"1":3,"2":6,"3":3,"4":3,"5":1},"f":{"0":3,"1":6},"b":{},"_coverageSchema":"1a1c01bbd47fc00a2c39e90264f33305004495a9","hash":"74ff8dbd98e47313007c18029fd6ce7f0960ce08"}
,"C:\\Users\\anass\\WebstormProjects\\jest-101\\reverseString\\reverseString.js": {"path":"C:\\Users\\anass\\WebstormProjects\\jest-101\\reverseString\\reverseString.js","statementMap":{"0":{"start":{"line":2,"column":26},"end":{"line":2,"column":42}},"1":{"start":{"line":3,"column":31},"end":{"line":3,"column":113}},"2":{"start":{"line":3,"column":65},"end":{"line":3,"column":112}},"3":{"start":{"line":4,"column":4},"end":{"line":4,"column":39}},"4":{"start":{"line":7,"column":0},"end":{"line":7,"column":31}}},"fnMap":{"0":{"name":"reverseString","decl":{"start":{"line":1,"column":9},"end":{"line":1,"column":22}},"loc":{"start":{"line":1,"column":31},"end":{"line":5,"column":1}},"line":1},"1":{"name":"(anonymous_1)","decl":{"start":{"line":3,"column":49},"end":{"line":3,"column":50}},"loc":{"start":{"line":3,"column":65},"end":{"line":3,"column":112}},"line":3}},"branchMap":{},"s":{"0":2,"1":2,"2":36,"3":2,"4":1},"f":{"0":2,"1":36},"b":{},"_coverageSchema":"1a1c01bbd47fc00a2c39e90264f33305004495a9","hash":"737f4bb4c3ec213039adf790f95439a408f2542b"}
}
