TN:
SF:caesarCipher\caesarCipher.js
FN:1,shiftChar
FN:3,(anonymous_1)
FN:7,caesarCypher
FN:8,(anonymous_3)
FN:8,(anonymous_4)
FNF:5
FNH:5
FNDA:36,shiftChar
FNDA:456,(anonymous_1)
FNDA:2,caesarCypher
FNDA:48,(anonymous_3)
FNDA:48,(anonymous_4)
DA:2,36
DA:3,456
DA:4,36
DA:8,48
LF:4
LH:4
BRDA:8,0,0,36
BRDA:8,0,1,12
BRF:2
BRH:2
end_of_record
TN:
SF:calculator\calculator.js
FN:1,calculator
FNF:1
FNH:1
FNDA:4,calculator
DA:2,4
DA:3,4
DA:8,0
LF:3
LH:2
BRDA:3,0,0,1
BRDA:3,0,1,3
BRDA:4,1,0,1
BRDA:4,1,1,2
BRDA:5,2,0,1
BRDA:5,2,1,1
BRDA:6,3,0,1
BRDA:6,3,1,1
BRF:8
BRH:8
end_of_record
TN:
SF:capitalize\capitalize.js
FN:1,capitalize
FN:3,(anonymous_1)
FNF:2
FNH:2
FNDA:3,capitalize
FNDA:6,(anonymous_1)
DA:2,3
DA:3,6
DA:4,3
DA:5,3
DA:8,1
LF:5
LH:5
BRF:0
BRH:0
end_of_record
TN:
SF:reverseString\reverseString.js
FN:1,reverseString
FN:3,(anonymous_1)
FNF:2
FNH:2
FNDA:2,reverseString
FNDA:36,(anonymous_1)
DA:2,2
DA:3,36
DA:4,2
DA:7,1
LF:4
LH:4
BRF:0
BRH:0
end_of_record
